<?xml version="1.0" encoding="UTF-8"?>
<!-- Generated by org.testng.reporters.JUnitReportReporter -->
<testsuite hostname="DESKTOP-9BNFEB8" failures="0" tests="2" name="com.banking.Digi.ExceptionTest" time="0.018" errors="0" timestamp="2023-04-23T09:04:26 NZST" skipped="0">
  <testcase classname="com.banking.Digi.ExceptionTest" name="test1" time="0.015"/>
  <system-out/>
  <testcase classname="com.banking.Digi.ExceptionTest" name="test2" time="0.003"/>
  <system-out/>
</testsuite> <!-- com.banking.Digi.ExceptionTest -->
