<?xml version="1.0" encoding="UTF-8"?>
<!-- Generated by org.testng.reporters.JUnitReportReporter -->
<testsuite hostname="DESKTOP-9BNFEB8" failures="0" tests="2" name="com.banking.Digi.TestNGAsserts1" time="2.019" errors="0" timestamp="2023-04-25T19:02:31 NZST" skipped="0">
  <testcase classname="com.banking.Digi.TestNGAsserts1" name="TestMethodOne" time="1.013"/>
  <system-out/>
  <testcase classname="com.banking.Digi.TestNGAsserts1" name="TestMethodTwo" time="1.006"/>
  <system-out/>
</testsuite> <!-- com.banking.Digi.TestNGAsserts1 -->
