<?xml version="1.0" encoding="UTF-8"?>
<!-- Generated by org.testng.reporters.JUnitReportReporter -->
<testsuite hostname="DESKTOP-9BNFEB8" failures="0" tests="2" name="com.banking.Digi.ParallelTest" time="0.017" errors="0" timestamp="2023-04-25T10:47:57 NZST" skipped="0">
  <testcase classname="com.banking.Digi.ParallelTest" name="TestMethodOne" time="0.015"/>
  <system-out/>
  <testcase classname="com.banking.Digi.ParallelTest" name="TestMethodTwo" time="0.002"/>
  <system-out/>
</testsuite> <!-- com.banking.Digi.ParallelTest -->
