<?xml version="1.0" encoding="UTF-8"?>
<!-- Generated by org.testng.reporters.JUnitReportReporter -->
<testsuite hostname="DESKTOP-9BNFEB8" failures="0" tests="2" name="com.banking.Digi.OptionalParamTest" time="0.019" errors="0" timestamp="2023-04-25T08:41:55 NZST" skipped="0">
  <testcase classname="com.banking.Digi.OptionalParamTest" name="test1" time="0.016"/>
  <system-out/>
  <testcase classname="com.banking.Digi.OptionalParamTest" name="test2" time="0.003"/>
  <system-out/>
</testsuite> <!-- com.banking.Digi.OptionalParamTest -->
