<?xml version="1.0" encoding="UTF-8"?>
<!-- Generated by org.testng.reporters.JUnitReportReporter -->
<testsuite hostname="DESKTOP-9BNFEB8" failures="0" tests="2" name="com.banking.Digi.WebElementTesting" time="4.200" errors="0" timestamp="2023-05-09T18:38:00 NZST" skipped="0">
  <testcase classname="com.banking.Digi.WebElementTesting" name="VerifyRadioButton" time="2.098"/>
  <system-out/>
  <testcase classname="com.banking.Digi.WebElementTesting" name="VerifyCheckbox" time="2.102"/>
  <system-out/>
</testsuite> <!-- com.banking.Digi.WebElementTesting -->
