<?xml version="1.0" encoding="UTF-8"?>
<!-- Generated by org.testng.reporters.JUnitReportReporter -->
<testsuite hostname="DESKTOP-9BNFEB8" failures="0" tests="7" name="com.banking.Digi.NewTest01" time="0.059" errors="0" timestamp="2023-04-10T22:20:19 NZST" skipped="0">
  <testcase classname="com.banking.Digi.NewTest01" name="FundTransfer" time="0.026"/>
  <system-out/>
  <testcase classname="com.banking.Digi.NewTest01" name="XX1" time="0.004"/>
  <system-out/>
  <testcase classname="com.banking.Digi.NewTest01" name="Login" time="0.008"/>
  <system-out/>
  <testcase classname="com.banking.Digi.NewTest01" name="UpdateAddress" time="0.006"/>
  <system-out/>
  <testcase classname="com.banking.Digi.NewTest01" name="Login1" time="0.005"/>
  <system-out/>
  <testcase classname="com.banking.Digi.NewTest01" name="FundTransfer1" time="0.003"/>
  <system-out/>
  <testcase classname="com.banking.Digi.NewTest01" name="UpdateAddress1" time="0.007"/>
  <system-out/>
</testsuite> <!-- com.banking.Digi.NewTest01 -->
