<?xml version="1.0" encoding="UTF-8"?>
<!-- Generated by org.testng.reporters.JUnitReportReporter -->
<testsuite hostname="DESKTOP-9BNFEB8" failures="0" tests="2" name="com.banking.Digi.ParallelTestTwo" time="0.031" errors="0" timestamp="2023-04-25T11:16:41 NZST" skipped="0">
  <testcase classname="com.banking.Digi.ParallelTestTwo" name="TestMethodOne" time="0.021"/>
  <system-out/>
  <testcase classname="com.banking.Digi.ParallelTestTwo" name="TestMethodTwo" time="0.010"/>
  <system-out/>
</testsuite> <!-- com.banking.Digi.ParallelTestTwo -->
