<?xml version="1.0" encoding="UTF-8"?>
<!-- Generated by org.testng.reporters.JUnitReportReporter -->
<testsuite hostname="DESKTOP-9BNFEB8" failures="0" tests="4" name="com.banking.Digi.SampleDataProvider" time="0.022" errors="0" timestamp="2023-04-25T09:11:29 NZST" skipped="0">
  <testcase classname="com.banking.Digi.SampleDataProvider" name="testMethod" time="0.012"/>
  <system-out/>
  <testcase classname="com.banking.Digi.SampleDataProvider" name="testMethod" time="0.003"/>
  <system-out/>
  <testcase classname="com.banking.Digi.SampleDataProvider" name="testMethod" time="0.002"/>
  <system-out/>
  <testcase classname="com.banking.Digi.SampleDataProvider" name="testMethod" time="0.005"/>
  <system-out/>
</testsuite> <!-- com.banking.Digi.SampleDataProvider -->
