<?xml version="1.0" encoding="UTF-8"?>
<!-- Generated by org.testng.reporters.JUnitReportReporter -->
<testsuite hostname="DESKTOP-9BNFEB8" failures="0" tests="4" name="com.banking.Digi.DisabledTest" time="0.023" errors="0" timestamp="2023-04-22T09:39:43 NZST" skipped="1">
  <testcase classname="com.banking.Digi.DisabledTest" name="TestCase04" time="0.006"/>
  <system-out/>
  <testcase classname="com.banking.Digi.DisabledTest" name="TestCase01" time="0.015"/>
  <system-out/>
  <testcase classname="com.banking.Digi.DisabledTest" name="TestCase02" time="0.002"/>
  <system-out/>
  <testcase classname="com.banking.Digi.DisabledTest" name="TestCase03">
    <skipped/>
  </testcase> <!-- TestCase03 -->
  <system-out/>
</testsuite> <!-- com.banking.Digi.DisabledTest -->
