<?xml version="1.0" encoding="UTF-8"?>
<!-- Generated by org.testng.reporters.JUnitReportReporter -->
<testsuite hostname="DESKTOP-9BNFEB8" failures="0" tests="2" name="com.banking.Digi.ParallelTestOne" time="0.018" errors="0" timestamp="2023-04-25T11:58:28 NZST" skipped="0">
  <testcase classname="com.banking.Digi.ParallelTestOne" name="TestMethodTwo" time="0.002"/>
  <system-out/>
  <testcase classname="com.banking.Digi.ParallelTestOne" name="TestMethodOne" time="0.016"/>
  <system-out/>
</testsuite> <!-- com.banking.Digi.ParallelTestOne -->
