<?xml version="1.0" encoding="UTF-8"?>
<!-- Generated by org.testng.reporters.JUnitReportReporter -->
<testsuite hostname="DESKTOP-9BNFEB8" failures="0" tests="1" name="com.banking.Digi.TestNG1" time="0.021" errors="0" timestamp="2023-04-10T18:24:35 NZST" skipped="0">
  <testcase classname="com.banking.Digi.TestNG1" name="Method1" time="0.021"/>
  <system-out/>
</testsuite> <!-- com.banking.Digi.TestNG1 -->
