<?xml version="1.0" encoding="UTF-8"?>
<!-- Generated by org.testng.reporters.JUnitReportReporter -->
<testsuite hostname="DESKTOP-9BNFEB8" failures="0" tests="2" name="com.banking.Digi.DependencyTest" time="0.021" errors="0" timestamp="2023-04-25T10:07:12 NZST" skipped="0">
  <testcase classname="com.banking.Digi.DependencyTest" name="Login" time="0.017"/>
  <system-out/>
  <testcase classname="com.banking.Digi.DependencyTest" name="FundTransfer" time="0.004"/>
  <system-out/>
</testsuite> <!-- com.banking.Digi.DependencyTest -->
