<?xml version="1.0" encoding="UTF-8"?>
<!-- Generated by org.testng.reporters.JUnitReportReporter -->
<testsuite hostname="DESKTOP-9BNFEB8" failures="0" tests="2" name="com.banking.Digi.ParameterTest" time="0.016" errors="0" timestamp="2023-04-24T20:52:41 NZST" skipped="0">
  <testcase classname="com.banking.Digi.ParameterTest" name="test1" time="0.014"/>
  <system-out/>
  <testcase classname="com.banking.Digi.ParameterTest" name="test2" time="0.002"/>
  <system-out/>
</testsuite> <!-- com.banking.Digi.ParameterTest -->
