<?xml version="1.0" encoding="UTF-8"?>
<!-- Generated by org.testng.reporters.JUnitReportReporter -->
<testsuite hostname="DESKTOP-9BNFEB8" failures="0" tests="3" name="com.banking.Digi.GroupsDemo" time="0.017" errors="0" timestamp="2023-04-22T16:48:56 NZST" skipped="0">
  <testcase classname="com.banking.Digi.GroupsDemo" name="Testcase1" time="0.015"/>
  <system-out/>
  <testcase classname="com.banking.Digi.GroupsDemo" name="Testcase2" time="0.001"/>
  <system-out/>
  <testcase classname="com.banking.Digi.GroupsDemo" name="Testcase3" time="0.001"/>
  <system-out/>
</testsuite> <!-- com.banking.Digi.GroupsDemo -->
