<?xml version="1.0" encoding="UTF-8"?>
<!-- Generated by org.testng.reporters.JUnitReportReporter -->
<testsuite hostname="DESKTOP-9BNFEB8" failures="0" tests="4" name="com.banking.Digi.ExcludeGroups" time="0.061" errors="0" timestamp="2023-04-22T17:03:39 NZST" skipped="0">
  <testcase classname="com.banking.Digi.ExcludeGroups" name="tesMethodthree" time="0.004"/>
  <system-out/>
  <testcase classname="com.banking.Digi.ExcludeGroups" name="tesMethodtwo" time="0.030"/>
  <system-out/>
  <testcase classname="com.banking.Digi.ExcludeGroups" name="tesMethodfour" time="0.024"/>
  <system-out/>
  <testcase classname="com.banking.Digi.ExcludeGroups" name="tesMethodone" time="0.003"/>
  <system-out/>
</testsuite> <!-- com.banking.Digi.ExcludeGroups -->
