<?xml version="1.0" encoding="UTF-8"?>
<!-- Generated by org.testng.reporters.JUnitReportReporter -->
<testsuite hostname="DESKTOP-9BNFEB8" failures="0" tests="2" name="com.banking.Digi.WebElementTesting_V2" time="20.993" errors="0" timestamp="2023-04-29T13:23:28 NZST" skipped="0">
  <testcase classname="com.banking.Digi.WebElementTesting_V2" name="VerifyRadioButton" time="11.155"/>
  <system-out/>
  <testcase classname="com.banking.Digi.WebElementTesting_V2" name="VerifyCheckbox" time="9.838"/>
  <system-out/>
</testsuite> <!-- com.banking.Digi.WebElementTesting_V2 -->
